C:\LearntSlides\a.txt
C:\LearntSlides\ColorsMonthWise.txt
C:\LearntSlides\2015\Dec\Exploiting VPN.pptx
C:\LearntSlides\2015\Dec\FileSystems.pptx
C:\LearntSlides\2015\Dec\HTTP SOME INFO.pptx
C:\LearntSlides\2015\Dec\Starting Windows Programming.pptx
C:\LearntSlides\2015\Dec\Writing Secure C CPP code.pptx
C:\LearntSlides\2015\Nov\10 Nov 2015.pptx
C:\LearntSlides\2015\Nov\3 Nov 2015.pptx
C:\LearntSlides\2015\Nov\4 Nov 2015.pptx
C:\LearntSlides\2015\Nov\Capture.PNG
C:\LearntSlides\2015\Nov\ECMASCRIPT 6.pptx
C:\LearntSlides\2015\Nov\Firefox browser Security.pptx
C:\LearntSlides\2015\Nov\Windows Named Pipes.pptx
C:\LearntSlides\2015\Nov\WindowsAccessControls.pptx
C:\LearntSlides\2015\Oct\04Oct2015.pptx
C:\LearntSlides\2015\Oct\1200px-Ubuntu_on_Windows_-_Firefox_vs_Firefox.png
C:\LearntSlides\2015\Oct\31Oct2015.pptx
C:\LearntSlides\2015\Oct\How SSL works tutorial - with HTTPS example - YouTube.mp4
C:\LearntSlides\2015\Oct\httpsCommProcess.PNG
C:\LearntSlides\2015\Oct\pkcertis.PNG
C:\LearntSlides\2015\Oct\SSLHijackingMITM.pdf
C:\LearntSlides\2015\Oct\SSLHijackingMITM.pptx
C:\LearntSlides\2015\Oct\x509.PNG
24 File(s) copied
